<?xml version="1.0" encoding="UTF-8"?>
<!-- Generated by org.testng.reporters.JUnitXMLReporter -->
<testsuite hostname="Admin-PC" ignored="2" name="Test" tests="7" failures="0" timestamp="14 Mar 2021 06:28:23 GMT" time="0.105" errors="0">
  <testcase name="tc1" time="0.017" classname="org.tcs.Group1"/>
  <testcase name="tc3" time="0.001" classname="org.tcs.Group1"/>
  <testcase name="tc11" time="0.007" classname="org.tcs.Group2"/>
  <testcase name="tc33" time="0.001" classname="org.tcs.Group2"/>
  <testcase name="tc111" time="0.001" classname="org.tcs.Group3"/>
  <testcase name="tc222" time="0.003" classname="org.tcs.Group3"/>
  <testcase name="tc333" time="0.001" classname="org.tcs.Group3"/>
  <testcase name="tc22" time="0.0" classname="org.tcs.Group2">
    <ignored/>
  </testcase> <!-- tc22 -->
  <testcase name="tc2" time="0.0" classname="org.tcs.Group1">
    <ignored/>
  </testcase> <!-- tc2 -->
</testsuite> <!-- Test -->
