<?xml version="1.0" encoding="UTF-8"?>
<testng-results skipped="0" failed="0" ignored="2" total="9" passed="7">
  <reporter-output>
  </reporter-output>
  <suite name="Suite" duration-ms="105" started-at="2021-03-14T06:28:23Z" finished-at="2021-03-14T06:28:23Z">
    <groups>
      <group name="smoke">
        <method signature="Group1.tc3()[pri:0, instance:org.tcs.Group1@6ce139a4]" name="tc3" class="org.tcs.Group1"/>
        <method signature="Group2.tc11()[pri:0, instance:org.tcs.Group2@6973bf95]" name="tc11" class="org.tcs.Group2"/>
      </group> <!-- smoke -->
      <group name="sanity">
        <method signature="Group1.tc1()[pri:0, instance:org.tcs.Group1@6ce139a4]" name="tc1" class="org.tcs.Group1"/>
        <method signature="Group2.tc33()[pri:0, instance:org.tcs.Group2@6973bf95]" name="tc33" class="org.tcs.Group2"/>
        <method signature="Group3.tc111()[pri:0, instance:org.tcs.Group3@2ddc8ecb]" name="tc111" class="org.tcs.Group3"/>
        <method signature="Group3.tc222()[pri:0, instance:org.tcs.Group3@2ddc8ecb]" name="tc222" class="org.tcs.Group3"/>
        <method signature="Group3.tc333()[pri:0, instance:org.tcs.Group3@2ddc8ecb]" name="tc333" class="org.tcs.Group3"/>
      </group> <!-- sanity -->
    </groups>
    <test name="Test" duration-ms="105" started-at="2021-03-14T06:28:23Z" finished-at="2021-03-14T06:28:23Z">
      <class name="org.tcs.Group3">
        <test-method status="PASS" signature="tc111()[pri:0, instance:org.tcs.Group3@2ddc8ecb]" name="tc111" duration-ms="1" started-at="2021-03-14T06:28:23Z" finished-at="2021-03-14T06:28:23Z">
          <reporter-output>
          </reporter-output>
        </test-method> <!-- tc111 -->
        <test-method status="PASS" signature="tc222()[pri:0, instance:org.tcs.Group3@2ddc8ecb]" name="tc222" duration-ms="3" started-at="2021-03-14T06:28:23Z" finished-at="2021-03-14T06:28:23Z">
          <reporter-output>
          </reporter-output>
        </test-method> <!-- tc222 -->
        <test-method status="PASS" signature="tc333()[pri:0, instance:org.tcs.Group3@2ddc8ecb]" name="tc333" duration-ms="1" started-at="2021-03-14T06:28:23Z" finished-at="2021-03-14T06:28:23Z">
          <reporter-output>
          </reporter-output>
        </test-method> <!-- tc333 -->
      </class> <!-- org.tcs.Group3 -->
      <class name="org.tcs.Group2">
        <test-method status="PASS" signature="tc11()[pri:0, instance:org.tcs.Group2@6973bf95]" name="tc11" duration-ms="7" started-at="2021-03-14T06:28:23Z" finished-at="2021-03-14T06:28:23Z">
          <reporter-output>
          </reporter-output>
        </test-method> <!-- tc11 -->
        <test-method status="PASS" signature="tc33()[pri:0, instance:org.tcs.Group2@6973bf95]" name="tc33" duration-ms="1" started-at="2021-03-14T06:28:23Z" finished-at="2021-03-14T06:28:23Z">
          <reporter-output>
          </reporter-output>
        </test-method> <!-- tc33 -->
      </class> <!-- org.tcs.Group2 -->
      <class name="org.tcs.Group1">
        <test-method status="PASS" signature="tc1()[pri:0, instance:org.tcs.Group1@6ce139a4]" name="tc1" duration-ms="17" started-at="2021-03-14T06:28:23Z" finished-at="2021-03-14T06:28:23Z">
          <reporter-output>
          </reporter-output>
        </test-method> <!-- tc1 -->
        <test-method status="PASS" signature="tc3()[pri:0, instance:org.tcs.Group1@6ce139a4]" name="tc3" duration-ms="1" started-at="2021-03-14T06:28:23Z" finished-at="2021-03-14T06:28:23Z">
          <reporter-output>
          </reporter-output>
        </test-method> <!-- tc3 -->
      </class> <!-- org.tcs.Group1 -->
    </test> <!-- Test -->
  </suite> <!-- Suite -->
</testng-results>
